/media/sda1/PersonalFiles/yx/envs/yx2/lib/python3.10/site-packages/diffpose/calibration.py:24: UserWarning: As of jaxtyping version 0.2.24, jaxtyping now prefers the syntax
```
from jaxtyping import jaxtyped
# Use your favourite typechecker: usually one of the two lines below.
from typeguard import typechecked as typechecker
from beartype import beartype as typechecker

@jaxtyped(typechecker=typechecker)
def foo(...):
```
and the old double-decorator syntax
```
@jaxtyped
@typechecker
def foo(...):
```
should no longer be used. (It will continue to work as it did before, but the new approach will produce more readable error messages.)
In particular note that `typechecker` must be passed via keyword argument; the following is not valid:
```
@jaxtyped(typechecker)
def foo(...):
```

  def __init__(
/media/sda1/PersonalFiles/yx/envs/yx2/lib/python3.10/site-packages/diffpose/calibration.py:126: UserWarning: As of jaxtyping version 0.2.24, jaxtyping now prefers the syntax
```
from jaxtyping import jaxtyped
# Use your favourite typechecker: usually one of the two lines below.
from typeguard import typechecked as typechecker
from beartype import beartype as typechecker

@jaxtyped(typechecker=typechecker)
def foo(...):
```
and the old double-decorator syntax
```
@jaxtyped
@typechecker
def foo(...):
```
should no longer be used. (It will continue to work as it did before, but the new approach will produce more readable error messages.)
In particular note that `typechecker` must be passed via keyword argument; the following is not valid:
```
@jaxtyped(typechecker)
def foo(...):
```

  def perspective_projection(
/media/sda1/PersonalFiles/yx/envs/yx2/lib/python3.10/site-packages/diffpose/metrics.py:88: UserWarning: As of jaxtyping version 0.2.24, jaxtyping now prefers the syntax
```
from jaxtyping import jaxtyped
# Use your favourite typechecker: usually one of the two lines below.
from typeguard import typechecked as typechecker
from beartype import beartype as typechecker

@jaxtyped(typechecker=typechecker)
def foo(...):
```
and the old double-decorator syntax
```
@jaxtyped
@typechecker
def foo(...):
```
should no longer be used. (It will continue to work as it did before, but the new approach will produce more readable error messages.)
In particular note that `typechecker` must be passed via keyword argument; the following is not valid:
```
@jaxtyped(typechecker)
def foo(...):
```

  def forward(
/media/sda1/PersonalFiles/yx/envs/yx2/lib/python3.10/site-packages/diffpose/metrics.py:107: UserWarning: As of jaxtyping version 0.2.24, jaxtyping now prefers the syntax
```
from jaxtyping import jaxtyped
# Use your favourite typechecker: usually one of the two lines below.
from typeguard import typechecked as typechecker
from beartype import beartype as typechecker

@jaxtyped(typechecker=typechecker)
def foo(...):
```
and the old double-decorator syntax
```
@jaxtyped
@typechecker
def foo(...):
```
should no longer be used. (It will continue to work as it did before, but the new approach will produce more readable error messages.)
In particular note that `typechecker` must be passed via keyword argument; the following is not valid:
```
@jaxtyped(typechecker)
def foo(...):
```

  def forward(
/media/sda1/PersonalFiles/yx/envs/yx2/lib/python3.10/site-packages/diffpose/metrics.py:125: UserWarning: As of jaxtyping version 0.2.24, jaxtyping now prefers the syntax
```
from jaxtyping import jaxtyped
# Use your favourite typechecker: usually one of the two lines below.
from typeguard import typechecked as typechecker
from beartype import beartype as typechecker

@jaxtyped(typechecker=typechecker)
def foo(...):
```
and the old double-decorator syntax
```
@jaxtyped
@typechecker
def foo(...):
```
should no longer be used. (It will continue to work as it did before, but the new approach will produce more readable error messages.)
In particular note that `typechecker` must be passed via keyword argument; the following is not valid:
```
@jaxtyped(typechecker)
def foo(...):
```

  def forward(
/media/sda1/PersonalFiles/yx/envs/yx2/lib/python3.10/site-packages/diffpose/metrics.py:151: UserWarning: As of jaxtyping version 0.2.24, jaxtyping now prefers the syntax
```
from jaxtyping import jaxtyped
# Use your favourite typechecker: usually one of the two lines below.
from typeguard import typechecked as typechecker
from beartype import beartype as typechecker

@jaxtyped(typechecker=typechecker)
def foo(...):
```
and the old double-decorator syntax
```
@jaxtyped
@typechecker
def foo(...):
```
should no longer be used. (It will continue to work as it did before, but the new approach will produce more readable error messages.)
In particular note that `typechecker` must be passed via keyword argument; the following is not valid:
```
@jaxtyped(typechecker)
def foo(...):
```

  def forward(self, pose_1: RigidTransform, pose_2: RigidTransform):
submitit ERROR (2024-11-29 21:47:25,529) - Submitted job triggered an exception
Traceback (most recent call last):
  File "/media/sda1/PersonalFiles/yx/envs/yx2/lib/python3.10/runpy.py", line 196, in _run_module_as_main
    return _run_code(code, main_globals, None,
  File "/media/sda1/PersonalFiles/yx/envs/yx2/lib/python3.10/runpy.py", line 86, in _run_code
    exec(code, run_globals)
  File "/media/sda1/PersonalFiles/yx/envs/yx2/lib/python3.10/site-packages/submitit/core/_submit.py", line 11, in <module>
    submitit_main()
  File "/media/sda1/PersonalFiles/yx/envs/yx2/lib/python3.10/site-packages/submitit/core/submission.py", line 76, in submitit_main
    process_job(args.folder)
  File "/media/sda1/PersonalFiles/yx/envs/yx2/lib/python3.10/site-packages/submitit/core/submission.py", line 69, in process_job
    raise error
  File "/media/sda1/PersonalFiles/yx/envs/yx2/lib/python3.10/site-packages/submitit/core/submission.py", line 55, in process_job
    result = delayed.result()
  File "/media/sda1/PersonalFiles/yx/envs/yx2/lib/python3.10/site-packages/submitit/core/utils.py", line 137, in result
    self._result = self.function(*self.args, **self.kwargs)
  File "/media/sda1/PersonalFiles/yx/project/diffpose/experiments/deepfluoro/train2.py", line 185, in main
    specimen, isocenter_pose, transforms, drr = load(id_number, height, device)
  File "/media/sda1/PersonalFiles/yx/project/diffpose/experiments/deepfluoro/train2.py", line 19, in load
    specimen = DeepFluoroDataset(id_number)
  File "<@beartype(diffpose.deepfluoro.DeepFluoroDataset.__init__) at 0x7851f71d9480>", line 71, in __init__
  File "/media/sda1/PersonalFiles/yx/envs/yx2/lib/python3.10/site-packages/diffpose/deepfluoro.py", line 45, in __init__
    ) = load_deepfluoro_dataset(id_number, filename)
  File "/media/sda1/PersonalFiles/yx/envs/yx2/lib/python3.10/site-packages/diffpose/deepfluoro.py", line 210, in load_deepfluoro_dataset
    f = h5py.File(filename, "r")
  File "/media/sda1/PersonalFiles/yx/envs/yx2/lib/python3.10/site-packages/h5py/_hl/files.py", line 561, in __init__
    fid = make_fid(name, mode, userblock_size, fapl, fcpl, swmr=swmr)
  File "/media/sda1/PersonalFiles/yx/envs/yx2/lib/python3.10/site-packages/h5py/_hl/files.py", line 235, in make_fid
    fid = h5f.open(name, flags, fapl=fapl)
  File "h5py/_objects.pyx", line 54, in h5py._objects.with_phil.wrapper
  File "h5py/_objects.pyx", line 55, in h5py._objects.with_phil.wrapper
  File "h5py/h5f.pyx", line 102, in h5py.h5f.open
FileNotFoundError: [Errno 2] Unable to synchronously open file (unable to open file: name = '/media/sda1/PersonalFiles/yx/envs/yx2/lib/python3.10/site-packages/data/ipcai_2020_full_res_data.h5', errno = 2, error message = 'No such file or directory', flags = 0, o_flags = 0)
