/media/sda1/PersonalFiles/yx/envs/yx2/lib/python3.10/site-packages/diffpose/calibration.py:24: UserWarning: As of jaxtyping version 0.2.24, jaxtyping now prefers the syntax
```
from jaxtyping import jaxtyped
# Use your favourite typechecker: usually one of the two lines below.
from typeguard import typechecked as typechecker
from beartype import beartype as typechecker

@jaxtyped(typechecker=typechecker)
def foo(...):
```
and the old double-decorator syntax
```
@jaxtyped
@typechecker
def foo(...):
```
should no longer be used. (It will continue to work as it did before, but the new approach will produce more readable error messages.)
In particular note that `typechecker` must be passed via keyword argument; the following is not valid:
```
@jaxtyped(typechecker)
def foo(...):
```

  def __init__(
/media/sda1/PersonalFiles/yx/envs/yx2/lib/python3.10/site-packages/diffpose/calibration.py:126: UserWarning: As of jaxtyping version 0.2.24, jaxtyping now prefers the syntax
```
from jaxtyping import jaxtyped
# Use your favourite typechecker: usually one of the two lines below.
from typeguard import typechecked as typechecker
from beartype import beartype as typechecker

@jaxtyped(typechecker=typechecker)
def foo(...):
```
and the old double-decorator syntax
```
@jaxtyped
@typechecker
def foo(...):
```
should no longer be used. (It will continue to work as it did before, but the new approach will produce more readable error messages.)
In particular note that `typechecker` must be passed via keyword argument; the following is not valid:
```
@jaxtyped(typechecker)
def foo(...):
```

  def perspective_projection(
/media/sda1/PersonalFiles/yx/envs/yx2/lib/python3.10/site-packages/diffpose/metrics.py:88: UserWarning: As of jaxtyping version 0.2.24, jaxtyping now prefers the syntax
```
from jaxtyping import jaxtyped
# Use your favourite typechecker: usually one of the two lines below.
from typeguard import typechecked as typechecker
from beartype import beartype as typechecker

@jaxtyped(typechecker=typechecker)
def foo(...):
```
and the old double-decorator syntax
```
@jaxtyped
@typechecker
def foo(...):
```
should no longer be used. (It will continue to work as it did before, but the new approach will produce more readable error messages.)
In particular note that `typechecker` must be passed via keyword argument; the following is not valid:
```
@jaxtyped(typechecker)
def foo(...):
```

  def forward(
/media/sda1/PersonalFiles/yx/envs/yx2/lib/python3.10/site-packages/diffpose/metrics.py:107: UserWarning: As of jaxtyping version 0.2.24, jaxtyping now prefers the syntax
```
from jaxtyping import jaxtyped
# Use your favourite typechecker: usually one of the two lines below.
from typeguard import typechecked as typechecker
from beartype import beartype as typechecker

@jaxtyped(typechecker=typechecker)
def foo(...):
```
and the old double-decorator syntax
```
@jaxtyped
@typechecker
def foo(...):
```
should no longer be used. (It will continue to work as it did before, but the new approach will produce more readable error messages.)
In particular note that `typechecker` must be passed via keyword argument; the following is not valid:
```
@jaxtyped(typechecker)
def foo(...):
```

  def forward(
/media/sda1/PersonalFiles/yx/envs/yx2/lib/python3.10/site-packages/diffpose/metrics.py:125: UserWarning: As of jaxtyping version 0.2.24, jaxtyping now prefers the syntax
```
from jaxtyping import jaxtyped
# Use your favourite typechecker: usually one of the two lines below.
from typeguard import typechecked as typechecker
from beartype import beartype as typechecker

@jaxtyped(typechecker=typechecker)
def foo(...):
```
and the old double-decorator syntax
```
@jaxtyped
@typechecker
def foo(...):
```
should no longer be used. (It will continue to work as it did before, but the new approach will produce more readable error messages.)
In particular note that `typechecker` must be passed via keyword argument; the following is not valid:
```
@jaxtyped(typechecker)
def foo(...):
```

  def forward(
/media/sda1/PersonalFiles/yx/envs/yx2/lib/python3.10/site-packages/diffpose/metrics.py:151: UserWarning: As of jaxtyping version 0.2.24, jaxtyping now prefers the syntax
```
from jaxtyping import jaxtyped
# Use your favourite typechecker: usually one of the two lines below.
from typeguard import typechecked as typechecker
from beartype import beartype as typechecker

@jaxtyped(typechecker=typechecker)
def foo(...):
```
and the old double-decorator syntax
```
@jaxtyped
@typechecker
def foo(...):
```
should no longer be used. (It will continue to work as it did before, but the new approach will produce more readable error messages.)
In particular note that `typechecker` must be passed via keyword argument; the following is not valid:
```
@jaxtyped(typechecker)
def foo(...):
```

  def forward(self, pose_1: RigidTransform, pose_2: RigidTransform):
  0%|          | 0/100 [00:00<?, ?it/s]Epoch [0/1000]:   0%|          | 0/100 [00:03<?, ?it/s]Epoch [0/1000]:   0%|          | 0/100 [00:03<?, ?it/s, geodesic_dou=336, geodesic_rot=172, geodesic_se3=276, geodesic_xyz=275, loss=7.25, ncc=-.129]Epoch [0/1000]:   1%|          | 1/100 [00:03<05:15,  3.19s/it, geodesic_dou=336, geodesic_rot=172, geodesic_se3=276, geodesic_xyz=275, loss=7.25, ncc=-.129]Epoch [0/1000]:   1%|          | 1/100 [00:05<05:15,  3.19s/it, geodesic_dou=336, geodesic_rot=172, geodesic_se3=276, geodesic_xyz=275, loss=7.25, ncc=-.129]Epoch [0/1000]:   1%|          | 1/100 [00:05<05:15,  3.19s/it, geodesic_dou=361, geodesic_rot=224, geodesic_se3=274, geodesic_xyz=272, loss=7.39, ncc=-.033]Epoch [0/1000]:   2%|▏         | 2/100 [00:05<03:58,  2.43s/it, geodesic_dou=361, geodesic_rot=224, geodesic_se3=274, geodesic_xyz=272, loss=7.39, ncc=-.033]Epoch [0/1000]:   2%|▏         | 2/100 [00:06<03:58,  2.43s/it, geodesic_dou=361, geodesic_rot=224, geodesic_se3=274, geodesic_xyz=272, loss=7.39, ncc=-.033]Epoch [0/1000]:   2%|▏         | 2/100 [00:06<03:58,  2.43s/it, geodesic_dou=341, geodesic_rot=193, geodesic_se3=271, geodesic_xyz=270, loss=7.29, ncc=-.167]Epoch [0/1000]:   3%|▎         | 3/100 [00:06<02:59,  1.86s/it, geodesic_dou=341, geodesic_rot=193, geodesic_se3=271, geodesic_xyz=270, loss=7.29, ncc=-.167]Epoch [0/1000]:   3%|▎         | 3/100 [00:07<02:59,  1.86s/it, geodesic_dou=341, geodesic_rot=193, geodesic_se3=271, geodesic_xyz=270, loss=7.29, ncc=-.167]Epoch [0/1000]:   3%|▎         | 3/100 [00:07<02:59,  1.86s/it, geodesic_dou=378, geodesic_rot=185, geodesic_se3=321, geodesic_xyz=319, loss=7.95, ncc=0.0344]Epoch [0/1000]:   4%|▍         | 4/100 [00:07<02:30,  1.57s/it, geodesic_dou=378, geodesic_rot=185, geodesic_se3=321, geodesic_xyz=319, loss=7.95, ncc=0.0344]Epoch [0/1000]:   4%|▍         | 4/100 [00:08<02:30,  1.57s/it, geodesic_dou=378, geodesic_rot=185, geodesic_se3=321, geodesic_xyz=319, loss=7.95, ncc=0.0344]Epoch [0/1000]:   4%|▍         | 4/100 [00:08<02:30,  1.57s/it, geodesic_dou=302, geodesic_rot=142, geodesic_se3=259, geodesic_xyz=258, loss=6.57, ncc=0.0441]Epoch [0/1000]:   5%|▌         | 5/100 [00:08<02:24,  1.52s/it, geodesic_dou=302, geodesic_rot=142, geodesic_se3=259, geodesic_xyz=258, loss=6.57, ncc=0.0441]                                                                                                                                                              submitit ERROR (2024-11-29 22:21:18,029) - Submitted job triggered an exception
Traceback (most recent call last):
  File "/media/sda1/PersonalFiles/yx/envs/yx2/lib/python3.10/runpy.py", line 196, in _run_module_as_main
    return _run_code(code, main_globals, None,
  File "/media/sda1/PersonalFiles/yx/envs/yx2/lib/python3.10/runpy.py", line 86, in _run_code
    exec(code, run_globals)
  File "/media/sda1/PersonalFiles/yx/envs/yx2/lib/python3.10/site-packages/submitit/core/_submit.py", line 11, in <module>
    submitit_main()
  File "/media/sda1/PersonalFiles/yx/envs/yx2/lib/python3.10/site-packages/submitit/core/submission.py", line 76, in submitit_main
    process_job(args.folder)
  File "/media/sda1/PersonalFiles/yx/envs/yx2/lib/python3.10/site-packages/submitit/core/submission.py", line 69, in process_job
    raise error
  File "/media/sda1/PersonalFiles/yx/envs/yx2/lib/python3.10/site-packages/submitit/core/submission.py", line 55, in process_job
    result = delayed.result()
  File "/media/sda1/PersonalFiles/yx/envs/yx2/lib/python3.10/site-packages/submitit/core/utils.py", line 137, in result
    self._result = self.function(*self.args, **self.kwargs)
  File "/media/sda1/PersonalFiles/yx/project/diffpose/experiments/deepfluoro/train2.py", line 210, in main
    train(
  File "/media/sda1/PersonalFiles/yx/project/diffpose/experiments/deepfluoro/train2.py", line 77, in train
    pred_img = drr(None, None, None, pose=pred_pose)
  File "/media/sda1/PersonalFiles/yx/envs/yx2/lib/python3.10/site-packages/torch/nn/modules/module.py", line 1736, in _wrapped_call_impl
    return self._call_impl(*args, **kwargs)
  File "/media/sda1/PersonalFiles/yx/envs/yx2/lib/python3.10/site-packages/torch/nn/modules/module.py", line 1747, in _call_impl
    return forward_call(*args, **kwargs)
  File "/media/sda1/PersonalFiles/yx/envs/yx2/lib/python3.10/site-packages/diffdrr/drr.py", line 137, in forward
    img = siddon_raycast(source, target, self.density, self.spacing)
  File "/media/sda1/PersonalFiles/yx/envs/yx2/lib/python3.10/site-packages/diffdrr/siddon.py", line 21, in siddon_raycast
    voxels = _get_voxel(alphamid, source, target, volume, spacing, dims, maxidx, eps)
  File "/media/sda1/PersonalFiles/yx/envs/yx2/lib/python3.10/site-packages/diffdrr/siddon.py", line 84, in _get_voxel
    idxs = _get_index(alpha, source, target, spacing, dims, maxidx, eps)
  File "/media/sda1/PersonalFiles/yx/envs/yx2/lib/python3.10/site-packages/diffdrr/siddon.py", line 91, in _get_index
    idxs = idxs / spacing
torch.OutOfMemoryError: CUDA out of memory. Tried to allocate 4.78 GiB. GPU 0 has a total capacity of 23.69 GiB of which 2.94 GiB is free. Including non-PyTorch memory, this process has 20.74 GiB memory in use. Of the allocated memory 9.13 GiB is allocated by PyTorch, and 11.30 GiB is reserved by PyTorch but unallocated. If reserved but unallocated memory is large try setting PYTORCH_CUDA_ALLOC_CONF=expandable_segments:True to avoid fragmentation.  See documentation for Memory Management  (https://pytorch.org/docs/stable/notes/cuda.html#environment-variables)
