/media/sda1/PersonalFiles/yx/envs/yx2/lib/python3.10/site-packages/diffpose/calibration.py:24: UserWarning: As of jaxtyping version 0.2.24, jaxtyping now prefers the syntax
```
from jaxtyping import jaxtyped
# Use your favourite typechecker: usually one of the two lines below.
from typeguard import typechecked as typechecker
from beartype import beartype as typechecker

@jaxtyped(typechecker=typechecker)
def foo(...):
```
and the old double-decorator syntax
```
@jaxtyped
@typechecker
def foo(...):
```
should no longer be used. (It will continue to work as it did before, but the new approach will produce more readable error messages.)
In particular note that `typechecker` must be passed via keyword argument; the following is not valid:
```
@jaxtyped(typechecker)
def foo(...):
```

  def __init__(
/media/sda1/PersonalFiles/yx/envs/yx2/lib/python3.10/site-packages/diffpose/calibration.py:126: UserWarning: As of jaxtyping version 0.2.24, jaxtyping now prefers the syntax
```
from jaxtyping import jaxtyped
# Use your favourite typechecker: usually one of the two lines below.
from typeguard import typechecked as typechecker
from beartype import beartype as typechecker

@jaxtyped(typechecker=typechecker)
def foo(...):
```
and the old double-decorator syntax
```
@jaxtyped
@typechecker
def foo(...):
```
should no longer be used. (It will continue to work as it did before, but the new approach will produce more readable error messages.)
In particular note that `typechecker` must be passed via keyword argument; the following is not valid:
```
@jaxtyped(typechecker)
def foo(...):
```

  def perspective_projection(
Traceback (most recent call last):
  File "/media/sda1/PersonalFiles/yx/envs/yx2/lib/python3.10/runpy.py", line 196, in _run_module_as_main
    return _run_code(code, main_globals, None,
  File "/media/sda1/PersonalFiles/yx/envs/yx2/lib/python3.10/runpy.py", line 86, in _run_code
    exec(code, run_globals)
  File "/media/sda1/PersonalFiles/yx/envs/yx2/lib/python3.10/site-packages/submitit/core/_submit.py", line 11, in <module>
    submitit_main()
  File "/media/sda1/PersonalFiles/yx/envs/yx2/lib/python3.10/site-packages/submitit/core/submission.py", line 76, in submitit_main
    process_job(args.folder)
  File "/media/sda1/PersonalFiles/yx/envs/yx2/lib/python3.10/site-packages/submitit/core/submission.py", line 52, in process_job
    delayed = utils.DelayedSubmission.load(paths.submitted_pickle)
  File "/media/sda1/PersonalFiles/yx/envs/yx2/lib/python3.10/site-packages/submitit/core/utils.py", line 153, in load
    obj = pickle_load(filepath)
  File "/media/sda1/PersonalFiles/yx/envs/yx2/lib/python3.10/site-packages/submitit/core/utils.py", line 232, in pickle_load
    return pickle.load(ifile)
  File "/media/sda1/PersonalFiles/yx/envs/yx2/lib/python3.10/site-packages/pytorch_transformers/__init__.py", line 2, in <module>
    from .tokenization_auto import AutoTokenizer
  File "/media/sda1/PersonalFiles/yx/envs/yx2/lib/python3.10/site-packages/pytorch_transformers/tokenization_auto.py", line 26, in <module>
    from .tokenization_xlm import XLMTokenizer
  File "/media/sda1/PersonalFiles/yx/envs/yx2/lib/python3.10/site-packages/pytorch_transformers/tokenization_xlm.py", line 27, in <module>
    import sacremoses as sm
  File "/media/sda1/PersonalFiles/yx/envs/yx2/lib/python3.10/site-packages/sacremoses/__init__.py", line 2, in <module>
    from sacremoses.tokenize import *
  File "/media/sda1/PersonalFiles/yx/envs/yx2/lib/python3.10/site-packages/sacremoses/tokenize.py", line 15, in <module>
    class MosesTokenizer(object):
  File "/media/sda1/PersonalFiles/yx/envs/yx2/lib/python3.10/site-packages/sacremoses/tokenize.py", line 44, in MosesTokenizer
    PAD_NOT_ISALNUM = re.compile(r"([^{}\s\.'\`\,\-])".format(IsAlnum)), r" \1 "
  File "/media/sda1/PersonalFiles/yx/envs/yx2/lib/python3.10/re.py", line 251, in compile
    return _compile(pattern, flags)
  File "/media/sda1/PersonalFiles/yx/envs/yx2/lib/python3.10/re.py", line 303, in _compile
    p = sre_compile.compile(pattern, flags)
  File "/media/sda1/PersonalFiles/yx/envs/yx2/lib/python3.10/sre_compile.py", line 788, in compile
    p = sre_parse.parse(p, flags)
  File "/media/sda1/PersonalFiles/yx/envs/yx2/lib/python3.10/sre_parse.py", line 955, in parse
    p = _parse_sub(source, state, flags & SRE_FLAG_VERBOSE, 0)
  File "/media/sda1/PersonalFiles/yx/envs/yx2/lib/python3.10/sre_parse.py", line 444, in _parse_sub
    itemsappend(_parse(source, state, verbose, nested + 1,
  File "/media/sda1/PersonalFiles/yx/envs/yx2/lib/python3.10/sre_parse.py", line 841, in _parse
    p = _parse_sub(source, state, sub_verbose, nested + 1)
  File "/media/sda1/PersonalFiles/yx/envs/yx2/lib/python3.10/sre_parse.py", line 444, in _parse_sub
    itemsappend(_parse(source, state, verbose, nested + 1,
  File "/media/sda1/PersonalFiles/yx/envs/yx2/lib/python3.10/sre_parse.py", line 569, in _parse
    if sourcematch("-"):
  File "/media/sda1/PersonalFiles/yx/envs/yx2/lib/python3.10/sre_parse.py", line 250, in match
    def match(self, char):
KeyboardInterrupt
