/media/sda1/PersonalFiles/yx/envs/yx2/lib/python3.10/site-packages/diffpose/calibration.py:24: UserWarning: As of jaxtyping version 0.2.24, jaxtyping now prefers the syntax
```
from jaxtyping import jaxtyped
# Use your favourite typechecker: usually one of the two lines below.
from typeguard import typechecked as typechecker
from beartype import beartype as typechecker

@jaxtyped(typechecker=typechecker)
def foo(...):
```
and the old double-decorator syntax
```
@jaxtyped
@typechecker
def foo(...):
```
should no longer be used. (It will continue to work as it did before, but the new approach will produce more readable error messages.)
In particular note that `typechecker` must be passed via keyword argument; the following is not valid:
```
@jaxtyped(typechecker)
def foo(...):
```

  def __init__(
/media/sda1/PersonalFiles/yx/envs/yx2/lib/python3.10/site-packages/diffpose/calibration.py:126: UserWarning: As of jaxtyping version 0.2.24, jaxtyping now prefers the syntax
```
from jaxtyping import jaxtyped
# Use your favourite typechecker: usually one of the two lines below.
from typeguard import typechecked as typechecker
from beartype import beartype as typechecker

@jaxtyped(typechecker=typechecker)
def foo(...):
```
and the old double-decorator syntax
```
@jaxtyped
@typechecker
def foo(...):
```
should no longer be used. (It will continue to work as it did before, but the new approach will produce more readable error messages.)
In particular note that `typechecker` must be passed via keyword argument; the following is not valid:
```
@jaxtyped(typechecker)
def foo(...):
```

  def perspective_projection(
Traceback (most recent call last):
  File "/media/sda1/PersonalFiles/yx/envs/yx2/lib/python3.10/runpy.py", line 196, in _run_module_as_main
    return _run_code(code, main_globals, None,
  File "/media/sda1/PersonalFiles/yx/envs/yx2/lib/python3.10/runpy.py", line 86, in _run_code
    exec(code, run_globals)
  File "/media/sda1/PersonalFiles/yx/envs/yx2/lib/python3.10/site-packages/submitit/core/_submit.py", line 11, in <module>
    submitit_main()
  File "/media/sda1/PersonalFiles/yx/envs/yx2/lib/python3.10/site-packages/submitit/core/submission.py", line 76, in submitit_main
    process_job(args.folder)
  File "/media/sda1/PersonalFiles/yx/envs/yx2/lib/python3.10/site-packages/submitit/core/submission.py", line 52, in process_job
    delayed = utils.DelayedSubmission.load(paths.submitted_pickle)
  File "/media/sda1/PersonalFiles/yx/envs/yx2/lib/python3.10/site-packages/submitit/core/utils.py", line 153, in load
    obj = pickle_load(filepath)
  File "/media/sda1/PersonalFiles/yx/envs/yx2/lib/python3.10/site-packages/submitit/core/utils.py", line 232, in pickle_load
    return pickle.load(ifile)
  File "/media/sda1/PersonalFiles/yx/envs/yx2/lib/python3.10/site-packages/diffpose/registration.py", line 7, in <module>
    import timm
  File "/media/sda1/PersonalFiles/yx/envs/yx2/lib/python3.10/site-packages/timm/__init__.py", line 3, in <module>
    from .models import create_model, list_models, list_pretrained, is_model, list_modules, model_entrypoint, \
  File "/media/sda1/PersonalFiles/yx/envs/yx2/lib/python3.10/site-packages/timm/models/__init__.py", line 1, in <module>
    from .beit import *
  File "/media/sda1/PersonalFiles/yx/envs/yx2/lib/python3.10/site-packages/timm/models/beit.py", line 54, in <module>
    from ._builder import build_model_with_cfg
  File "/media/sda1/PersonalFiles/yx/envs/yx2/lib/python3.10/site-packages/timm/models/_builder.py", line 13, in <module>
    from timm.models._hub import has_hf_hub, download_cached_file, check_cached_file, load_state_dict_from_hf,\
  File "/media/sda1/PersonalFiles/yx/envs/yx2/lib/python3.10/site-packages/timm/models/_hub.py", line 33, in <module>
    from huggingface_hub import (
  File "<frozen importlib._bootstrap>", line 1075, in _handle_fromlist
  File "/media/sda1/PersonalFiles/yx/envs/yx2/lib/python3.10/site-packages/huggingface_hub/__init__.py", line 547, in __getattr__
    submod = importlib.import_module(submod_path)
  File "/media/sda1/PersonalFiles/yx/envs/yx2/lib/python3.10/importlib/__init__.py", line 126, in import_module
    return _bootstrap._gcd_import(name[level:], package, level)
  File "/media/sda1/PersonalFiles/yx/envs/yx2/lib/python3.10/site-packages/huggingface_hub/hf_api.py", line 63, in <module>
    from ._inference_endpoints import InferenceEndpoint, InferenceEndpointType
  File "/media/sda1/PersonalFiles/yx/envs/yx2/lib/python3.10/site-packages/huggingface_hub/_inference_endpoints.py", line 9, in <module>
    from .inference._client import InferenceClient
  File "<frozen importlib._bootstrap>", line 1027, in _find_and_load
  File "<frozen importlib._bootstrap>", line 1006, in _find_and_load_unlocked
  File "<frozen importlib._bootstrap>", line 688, in _load_unlocked
  File "<frozen importlib._bootstrap_external>", line 879, in exec_module
  File "<frozen importlib._bootstrap_external>", line 1012, in get_code
  File "<frozen importlib._bootstrap_external>", line 672, in _compile_bytecode
KeyboardInterrupt
